<?xml version="1.0" encoding="UTF-8"?>
<testng-results ignored="0" total="1" passed="1" failed="0" skipped="0">
  <reporter-output>
  </reporter-output>
  <suite started-at="2024-07-24T22:49:14 IST" name="Default suite" finished-at="2024-07-24T22:49:15 IST" duration-ms="1412">
    <groups>
      <group name="cucumber">
        <method signature="AbstractTestNGCucumberTests.runScenario(io.cucumber.testng.PickleWrapper,io.cucumber.testng.FeatureWrapper)[pri:0, instance:NaveenBDDStep.RegistrationTestRunner@51c668e3]" name="runScenario" class="io.cucumber.testng.AbstractTestNGCucumberTests"/>
      </group> <!-- cucumber -->
    </groups>
    <test started-at="2024-07-24T22:49:14 IST" name="Default test" finished-at="2024-07-24T22:49:15 IST" duration-ms="1412">
      <class name="NaveenBDDStep.RegistrationTestRunner">
        <test-method is-config="true" signature="setUpClass(org.testng.ITestContext)[pri:0, instance:NaveenBDDStep.RegistrationTestRunner@51c668e3]" started-at="2024-07-24T22:49:14 IST" name="setUpClass" finished-at="2024-07-24T22:49:15 IST" duration-ms="1086" status="PASS">
          <params>
            <param index="0">
              <value>
                <![CDATA[org.testng.TestRunner@5f5b5ca4]]>
              </value>
            </param>
          </params>
          <reporter-output>
          </reporter-output>
        </test-method> <!-- setUpClass -->
        <test-method signature="runScenario(io.cucumber.testng.PickleWrapper,io.cucumber.testng.FeatureWrapper)[pri:0, instance:NaveenBDDStep.RegistrationTestRunner@51c668e3]" started-at="2024-07-24T22:49:15 IST" name="runScenario" description="Runs Cucumber Scenarios" data-provider="scenarios" finished-at="2024-07-24T22:49:15 IST" duration-ms="235" status="PASS">
          <params>
            <param index="0">
              <value>
                <![CDATA["User registration Form"]]>
              </value>
            </param>
            <param index="1">
              <value>
                <![CDATA["User Registration"]]>
              </value>
            </param>
          </params>
          <reporter-output>
          </reporter-output>
        </test-method> <!-- runScenario -->
        <test-method is-config="true" signature="tearDownClass()[pri:0, instance:NaveenBDDStep.RegistrationTestRunner@51c668e3]" started-at="2024-07-24T22:49:15 IST" name="tearDownClass" finished-at="2024-07-24T22:49:15 IST" duration-ms="42" status="PASS">
          <reporter-output>
          </reporter-output>
        </test-method> <!-- tearDownClass -->
      </class> <!-- NaveenBDDStep.RegistrationTestRunner -->
    </test> <!-- Default test -->
  </suite> <!-- Default suite -->
</testng-results>
